<?xml version="1.0" encoding="UTF-8"?>
<testsuite name="zopa.calculator.service.LoanCalculatorServiceServiceImplSpec" tests="3" skipped="0" failures="3" errors="0" timestamp="2019-02-24T20:37:15" hostname="MC02QXC2MG8WN" time="0.008">
  <properties/>
  <testcase name="Monthly payment is calculated and returned successfully" classname="zopa.calculator.service.LoanCalculatorServiceServiceImplSpec" time="0.006">
    <failure message="groovy.lang.GroovyRuntimeException: Could not find matching constructor for: zopa.calculator.domain.Quote(BigDecimal, ArrayList)" type="groovy.lang.GroovyRuntimeException">groovy.lang.GroovyRuntimeException: Could not find matching constructor for: zopa.calculator.domain.Quote(BigDecimal, ArrayList)
	at zopa.calculator.service.LoanCalculatorServiceServiceImplSpec.$spock_initializeFields(LoanCalculatorServiceServiceImplSpec.groovy:17)
</failure>
  </testcase>
  <testcase name="Total repayment is calculated and returned successfully" classname="zopa.calculator.service.LoanCalculatorServiceServiceImplSpec" time="0.001">
    <failure message="groovy.lang.GroovyRuntimeException: Could not find matching constructor for: zopa.calculator.domain.Quote(BigDecimal, ArrayList)" type="groovy.lang.GroovyRuntimeException">groovy.lang.GroovyRuntimeException: Could not find matching constructor for: zopa.calculator.domain.Quote(BigDecimal, ArrayList)
	at zopa.calculator.service.LoanCalculatorServiceServiceImplSpec.$spock_initializeFields(LoanCalculatorServiceServiceImplSpec.groovy:17)
</failure>
  </testcase>
  <testcase name="Total rate is calculated and returned successfully" classname="zopa.calculator.service.LoanCalculatorServiceServiceImplSpec" time="0.0">
    <failure message="groovy.lang.GroovyRuntimeException: Could not find matching constructor for: zopa.calculator.domain.Quote(BigDecimal, ArrayList)" type="groovy.lang.GroovyRuntimeException">groovy.lang.GroovyRuntimeException: Could not find matching constructor for: zopa.calculator.domain.Quote(BigDecimal, ArrayList)
	at zopa.calculator.service.LoanCalculatorServiceServiceImplSpec.$spock_initializeFields(LoanCalculatorServiceServiceImplSpec.groovy:17)
</failure>
  </testcase>
  <system-out><![CDATA[]]></system-out>
  <system-err><![CDATA[]]></system-err>
</testsuite>
